<?xml version="1.0" encoding="UTF-8"?>
<testsuite name="com.example.blog.SpringIdempotencyAopApplicationTests" tests="1" skipped="0" failures="0" errors="0" timestamp="2026-08-17T08:37:51.760Z" hostname="MacBook" time="2.597">
  <properties/>
  <testcase name="contextLoads()" classname="com.example.blog.SpringIdempotencyAopApplicationTests" time="0.012"/>
  <system-out><![CDATA[17:37:51.837 [Test worker] INFO org.springframework.test.context.support.AnnotationConfigContextLoaderUtils -- Could not detect default configuration classes for test class [com.example.blog.SpringIdempotencyAopApplicationTests]: SpringIdempotencyAopApplicationTests does not declare any static, non-private, non-final, nested classes annotated with @Configuration.
17:37:51.884 [Test worker] INFO org.springframework.boot.test.context.SpringBootTestContextBootstrapper -- Found @SpringBootConfiguration com.example.blog.SpringIdempotencyAopApplication for test class com.example.blog.SpringIdempotencyAopApplicationTests

  .   ____          _            __ _ _
 /\\ / ___'_ __ _ _(_)_ __  __ _ \ \ \ \
( ( )\___ | '_ | '_| | '_ \/ _` | \ \ \ \
 \\/  ___)| |_)| | | | | || (_| |  ) ) ) )
  '  |____| .__|_| |_|_| |_\__, | / / / /
 =========|_|==============|___/=/_/_/_/

 :: Spring Boot ::                (v3.3.5)

2026-08-17T17:37:52.094+09:00  INFO 84427 --- [spring-idempotency-aop] [    Test worker] e.b.SpringIdempotencyAopApplicationTests : Starting SpringIdempotencyAopApplicationTests using Java 17.0.13 with PID 84427 (started by ydbb in /Users/ydbb/Documents/blog-code/spring/spring-idempotency-aop)
2026-08-17T17:37:52.095+09:00  INFO 84427 --- [spring-idempotency-aop] [    Test worker] e.b.SpringIdempotencyAopApplicationTests : No active profile set, falling back to 1 default profile: "default"
2026-08-17T17:37:54.274+09:00  INFO 84427 --- [spring-idempotency-aop] [    Test worker] o.s.b.a.e.web.EndpointLinksResolver      : Exposing 2 endpoints beneath base path '/actuator'
2026-08-17T17:37:54.312+09:00  INFO 84427 --- [spring-idempotency-aop] [    Test worker] e.b.SpringIdempotencyAopApplicationTests : Started SpringIdempotencyAopApplicationTests in 2.359 seconds (process running for 2.915)
]]></system-out>
  <system-err><![CDATA[]]></system-err>
</testsuite>
