<?xml version="1.0" encoding="UTF-8"?>
<testsuite name="com.example.blog.payment.controller.PaymentControllerTest" tests="1" skipped="0" failures="0" errors="0" timestamp="2026-08-17T08:37:55.100Z" hostname="MacBook" time="0.109">
  <properties/>
  <testcase name="결제 요청 API 호출 시 정상 응답을 반환한다" classname="com.example.blog.payment.controller.PaymentControllerTest" time="0.008"/>
  <system-out><![CDATA[2026-08-17T17:37:55.102+09:00  INFO 84427 --- [spring-idempotency-aop] [    Test worker] t.c.s.AnnotationConfigContextLoaderUtils : Could not detect default configuration classes for test class [com.example.blog.payment.controller.PaymentControllerTest]: PaymentControllerTest does not declare any static, non-private, non-final, nested classes annotated with @Configuration.
2026-08-17T17:37:55.114+09:00  INFO 84427 --- [spring-idempotency-aop] [    Test worker] .b.t.c.SpringBootTestContextBootstrapper : Found @SpringBootConfiguration com.example.blog.SpringIdempotencyAopApplication for test class com.example.blog.payment.controller.PaymentControllerTest

  .   ____          _            __ _ _
 /\\ / ___'_ __ _ _(_)_ __  __ _ \ \ \ \
( ( )\___ | '_ | '_| | '_ \/ _` | \ \ \ \
 \\/  ___)| |_)| | | | | || (_| |  ) ) ) )
  '  |____| .__|_| |_|_| |_\__, | / / / /
 =========|_|==============|___/=/_/_/_/

 :: Spring Boot ::                (v3.3.5)

2026-08-17T17:37:55.125+09:00  INFO 84427 --- [spring-idempotency-aop] [    Test worker] c.e.b.p.c.PaymentControllerTest          : Starting PaymentControllerTest using Java 17.0.13 with PID 84427 (started by ydbb in /Users/ydbb/Documents/blog-code/spring/spring-idempotency-aop)
2026-08-17T17:37:55.125+09:00  INFO 84427 --- [spring-idempotency-aop] [    Test worker] c.e.b.p.c.PaymentControllerTest          : No active profile set, falling back to 1 default profile: "default"
2026-08-17T17:37:55.196+09:00  INFO 84427 --- [spring-idempotency-aop] [    Test worker] o.s.b.t.m.w.SpringBootMockServletContext : Initializing Spring TestDispatcherServlet ''
2026-08-17T17:37:55.196+09:00  INFO 84427 --- [spring-idempotency-aop] [    Test worker] o.s.t.web.servlet.TestDispatcherServlet  : Initializing Servlet ''
2026-08-17T17:37:55.197+09:00  INFO 84427 --- [spring-idempotency-aop] [    Test worker] o.s.t.web.servlet.TestDispatcherServlet  : Completed initialization in 0 ms
2026-08-17T17:37:55.200+09:00  INFO 84427 --- [spring-idempotency-aop] [    Test worker] c.e.b.p.c.PaymentControllerTest          : Started PaymentControllerTest in 0.085 seconds (process running for 3.803)
]]></system-out>
  <system-err><![CDATA[]]></system-err>
</testsuite>
